==101904== Memcheck, a memory error detector
==101904== Copyright (C) 2002-2024, and GNU GPL'd, by Julian Seward et al.
==101904== Using Valgrind-3.23.0 and LibVEX; rerun with -h for copyright info
==101904== Command: ./a.out
==101904== Parent PID: 85647
==101904== 
==101904== Invalid write of size 8
==101904==    at 0x1092F9: list_init (in /home/fedor/CODE/C/KP_8/a.out)
==101904==    by 0x10918A: main (in /home/fedor/CODE/C/KP_8/a.out)
==101904==  Address 0x4a62058 is 16 bytes after a block of size 8 alloc'd
==101904==    at 0x4842788: malloc (vg_replace_malloc.c:446)
==101904==    by 0x1092DB: list_init (in /home/fedor/CODE/C/KP_8/a.out)
==101904==    by 0x10918A: main (in /home/fedor/CODE/C/KP_8/a.out)
==101904== 
==101904== Invalid read of size 8
==101904==    at 0x10923B: list_grow (in /home/fedor/CODE/C/KP_8/a.out)
==101904==    by 0x10930C: list_init (in /home/fedor/CODE/C/KP_8/a.out)
==101904==    by 0x10918A: main (in /home/fedor/CODE/C/KP_8/a.out)
==101904==  Address 0x4a62058 is 16 bytes after a block of size 8 alloc'd
==101904==    at 0x4842788: malloc (vg_replace_malloc.c:446)
==101904==    by 0x1092DB: list_init (in /home/fedor/CODE/C/KP_8/a.out)
==101904==    by 0x10918A: main (in /home/fedor/CODE/C/KP_8/a.out)
==101904== 
==101904== Invalid write of size 8
==101904==    at 0x109278: list_grow (in /home/fedor/CODE/C/KP_8/a.out)
==101904==    by 0x10930C: list_init (in /home/fedor/CODE/C/KP_8/a.out)
==101904==    by 0x10918A: main (in /home/fedor/CODE/C/KP_8/a.out)
==101904==  Address 0x4a62058 is 16 bytes after a block of size 8 alloc'd
==101904==    at 0x4842788: malloc (vg_replace_malloc.c:446)
==101904==    by 0x1092DB: list_init (in /home/fedor/CODE/C/KP_8/a.out)
==101904==    by 0x10918A: main (in /home/fedor/CODE/C/KP_8/a.out)
==101904== 
==101904== Invalid read of size 8
==101904==    at 0x109291: list_grow (in /home/fedor/CODE/C/KP_8/a.out)
==101904==    by 0x10930C: list_init (in /home/fedor/CODE/C/KP_8/a.out)
==101904==    by 0x10918A: main (in /home/fedor/CODE/C/KP_8/a.out)
==101904==  Address 0x4a62058 is 16 bytes after a block of size 8 alloc'd
==101904==    at 0x4842788: malloc (vg_replace_malloc.c:446)
==101904==    by 0x1092DB: list_init (in /home/fedor/CODE/C/KP_8/a.out)
==101904==    by 0x10918A: main (in /home/fedor/CODE/C/KP_8/a.out)
==101904== 
==101904== Invalid read of size 8
==101904==    at 0x109311: list_init (in /home/fedor/CODE/C/KP_8/a.out)
==101904==    by 0x10918A: main (in /home/fedor/CODE/C/KP_8/a.out)
==101904==  Address 0x4a62058 is 16 bytes after a block of size 8 alloc'd
==101904==    at 0x4842788: malloc (vg_replace_malloc.c:446)
==101904==    by 0x1092DB: list_init (in /home/fedor/CODE/C/KP_8/a.out)
==101904==    by 0x10918A: main (in /home/fedor/CODE/C/KP_8/a.out)
==101904== 
==101904== Invalid write of size 4
==101904==    at 0x109334: list_init (in /home/fedor/CODE/C/KP_8/a.out)
==101904==    by 0x10918A: main (in /home/fedor/CODE/C/KP_8/a.out)
==101904==  Address 0x4a62048 is 0 bytes after a block of size 8 alloc'd
==101904==    at 0x4842788: malloc (vg_replace_malloc.c:446)
==101904==    by 0x1092DB: list_init (in /home/fedor/CODE/C/KP_8/a.out)
==101904==    by 0x10918A: main (in /home/fedor/CODE/C/KP_8/a.out)
==101904== 
==101904== Invalid write of size 4
==101904==    at 0x10933F: list_init (in /home/fedor/CODE/C/KP_8/a.out)
==101904==    by 0x10918A: main (in /home/fedor/CODE/C/KP_8/a.out)
==101904==  Address 0x4a62050 is 8 bytes after a block of size 8 alloc'd
==101904==    at 0x4842788: malloc (vg_replace_malloc.c:446)
==101904==    by 0x1092DB: list_init (in /home/fedor/CODE/C/KP_8/a.out)
==101904==    by 0x10918A: main (in /home/fedor/CODE/C/KP_8/a.out)
==101904== 
==101904== Invalid write of size 4
==101904==    at 0x10934A: list_init (in /home/fedor/CODE/C/KP_8/a.out)
==101904==    by 0x10918A: main (in /home/fedor/CODE/C/KP_8/a.out)
==101904==  Address 0x4a6204c is 4 bytes after a block of size 8 alloc'd
==101904==    at 0x4842788: malloc (vg_replace_malloc.c:446)
==101904==    by 0x1092DB: list_init (in /home/fedor/CODE/C/KP_8/a.out)
==101904==    by 0x10918A: main (in /home/fedor/CODE/C/KP_8/a.out)
==101904== 
==101904== Invalid read of size 8
==101904==    at 0x109A1D: list_destroy (in /home/fedor/CODE/C/KP_8/a.out)
==101904==    by 0x10919A: main (in /home/fedor/CODE/C/KP_8/a.out)
==101904==  Address 0x4a62058 is 16 bytes after a block of size 8 alloc'd
==101904==    at 0x4842788: malloc (vg_replace_malloc.c:446)
==101904==    by 0x1092DB: list_init (in /home/fedor/CODE/C/KP_8/a.out)
==101904==    by 0x10918A: main (in /home/fedor/CODE/C/KP_8/a.out)
==101904== 
==101904== Invalid read of size 4
==101904==    at 0x1093AB: list_end (in /home/fedor/CODE/C/KP_8/a.out)
==101904==    by 0x1091A6: main (in /home/fedor/CODE/C/KP_8/a.out)
==101904==  Address 0x4a6204c is 4 bytes after a block of size 8 free'd
==101904==    at 0x48458CF: free (vg_replace_malloc.c:989)
==101904==    by 0x109A34: list_destroy (in /home/fedor/CODE/C/KP_8/a.out)
==101904==    by 0x10919A: main (in /home/fedor/CODE/C/KP_8/a.out)
==101904==  Block was alloc'd at
==101904==    at 0x4842788: malloc (vg_replace_malloc.c:446)
==101904==    by 0x1092DB: list_init (in /home/fedor/CODE/C/KP_8/a.out)
==101904==    by 0x10918A: main (in /home/fedor/CODE/C/KP_8/a.out)
==101904== 
==101904== Invalid read of size 4
==101904==    at 0x109524: insert_before (in /home/fedor/CODE/C/KP_8/a.out)
==101904==    by 0x1091C3: main (in /home/fedor/CODE/C/KP_8/a.out)
==101904==  Address 0x4a62044 is 4 bytes inside a block of size 8 free'd
==101904==    at 0x48458CF: free (vg_replace_malloc.c:989)
==101904==    by 0x109A34: list_destroy (in /home/fedor/CODE/C/KP_8/a.out)
==101904==    by 0x10919A: main (in /home/fedor/CODE/C/KP_8/a.out)
==101904==  Block was alloc'd at
==101904==    at 0x4842788: malloc (vg_replace_malloc.c:446)
==101904==    by 0x1092DB: list_init (in /home/fedor/CODE/C/KP_8/a.out)
==101904==    by 0x10918A: main (in /home/fedor/CODE/C/KP_8/a.out)
==101904== 
==101904== Invalid read of size 4
==101904==    at 0x10952B: insert_before (in /home/fedor/CODE/C/KP_8/a.out)
==101904==    by 0x1091C3: main (in /home/fedor/CODE/C/KP_8/a.out)
==101904==  Address 0x4a62040 is 0 bytes inside a block of size 8 free'd
==101904==    at 0x48458CF: free (vg_replace_malloc.c:989)
==101904==    by 0x109A34: list_destroy (in /home/fedor/CODE/C/KP_8/a.out)
==101904==    by 0x10919A: main (in /home/fedor/CODE/C/KP_8/a.out)
==101904==  Block was alloc'd at
==101904==    at 0x4842788: malloc (vg_replace_malloc.c:446)
==101904==    by 0x1092DB: list_init (in /home/fedor/CODE/C/KP_8/a.out)
==101904==    by 0x10918A: main (in /home/fedor/CODE/C/KP_8/a.out)
==101904== 
==101904== Invalid read of size 8
==101904==    at 0x109483: list_iter_prev (in /home/fedor/CODE/C/KP_8/a.out)
==101904==    by 0x10954F: insert_before (in /home/fedor/CODE/C/KP_8/a.out)
==101904==    by 0x1091C3: main (in /home/fedor/CODE/C/KP_8/a.out)
==101904==  Address 0x4a62058 is 16 bytes after a block of size 8 free'd
==101904==    at 0x48458CF: free (vg_replace_malloc.c:989)
==101904==    by 0x109A34: list_destroy (in /home/fedor/CODE/C/KP_8/a.out)
==101904==    by 0x10919A: main (in /home/fedor/CODE/C/KP_8/a.out)
==101904==  Block was alloc'd at
==101904==    at 0x4842788: malloc (vg_replace_malloc.c:446)
==101904==    by 0x1092DB: list_init (in /home/fedor/CODE/C/KP_8/a.out)
==101904==    by 0x10918A: main (in /home/fedor/CODE/C/KP_8/a.out)
==101904== 
==101904== Invalid read of size 4
==101904==    at 0x109494: list_iter_prev (in /home/fedor/CODE/C/KP_8/a.out)
==101904==    by 0x10954F: insert_before (in /home/fedor/CODE/C/KP_8/a.out)
==101904==    by 0x1091C3: main (in /home/fedor/CODE/C/KP_8/a.out)
==101904==  Address 0x4a6209c is 12 bytes inside a block of size 32 free'd
==101904==    at 0x48458CF: free (vg_replace_malloc.c:989)
==101904==    by 0x109A28: list_destroy (in /home/fedor/CODE/C/KP_8/a.out)
==101904==    by 0x10919A: main (in /home/fedor/CODE/C/KP_8/a.out)
==101904==  Block was alloc'd at
==101904==    at 0x4842788: malloc (vg_replace_malloc.c:446)
==101904==    by 0x109270: list_grow (in /home/fedor/CODE/C/KP_8/a.out)
==101904==    by 0x10930C: list_init (in /home/fedor/CODE/C/KP_8/a.out)
==101904==    by 0x10918A: main (in /home/fedor/CODE/C/KP_8/a.out)
==101904== 
==101904== Invalid read of size 4
==101904==    at 0x109573: insert_before (in /home/fedor/CODE/C/KP_8/a.out)
==101904==    by 0x1091C3: main (in /home/fedor/CODE/C/KP_8/a.out)
==101904==  Address 0x4a62050 is 8 bytes after a block of size 8 free'd
==101904==    at 0x48458CF: free (vg_replace_malloc.c:989)
==101904==    by 0x109A34: list_destroy (in /home/fedor/CODE/C/KP_8/a.out)
==101904==    by 0x10919A: main (in /home/fedor/CODE/C/KP_8/a.out)
==101904==  Block was alloc'd at
==101904==    at 0x4842788: malloc (vg_replace_malloc.c:446)
==101904==    by 0x1092DB: list_init (in /home/fedor/CODE/C/KP_8/a.out)
==101904==    by 0x10918A: main (in /home/fedor/CODE/C/KP_8/a.out)
==101904== 
==101904== Invalid read of size 8
==101904==    at 0x10957D: insert_before (in /home/fedor/CODE/C/KP_8/a.out)
==101904==    by 0x1091C3: main (in /home/fedor/CODE/C/KP_8/a.out)
==101904==  Address 0x4a62058 is 16 bytes after a block of size 8 free'd
==101904==    at 0x48458CF: free (vg_replace_malloc.c:989)
==101904==    by 0x109A34: list_destroy (in /home/fedor/CODE/C/KP_8/a.out)
==101904==    by 0x10919A: main (in /home/fedor/CODE/C/KP_8/a.out)
==101904==  Block was alloc'd at
==101904==    at 0x4842788: malloc (vg_replace_malloc.c:446)
==101904==    by 0x1092DB: list_init (in /home/fedor/CODE/C/KP_8/a.out)
==101904==    by 0x10918A: main (in /home/fedor/CODE/C/KP_8/a.out)
==101904== 
==101904== Invalid read of size 4
==101904==    at 0x109585: insert_before (in /home/fedor/CODE/C/KP_8/a.out)
==101904==    by 0x1091C3: main (in /home/fedor/CODE/C/KP_8/a.out)
==101904==  Address 0x4a62050 is 8 bytes after a block of size 8 free'd
==101904==    at 0x48458CF: free (vg_replace_malloc.c:989)
==101904==    by 0x109A34: list_destroy (in /home/fedor/CODE/C/KP_8/a.out)
==101904==    by 0x10919A: main (in /home/fedor/CODE/C/KP_8/a.out)
==101904==  Block was alloc'd at
==101904==    at 0x4842788: malloc (vg_replace_malloc.c:446)
==101904==    by 0x1092DB: list_init (in /home/fedor/CODE/C/KP_8/a.out)
==101904==    by 0x10918A: main (in /home/fedor/CODE/C/KP_8/a.out)
==101904== 
==101904== Invalid read of size 4
==101904==    at 0x109591: insert_before (in /home/fedor/CODE/C/KP_8/a.out)
==101904==    by 0x1091C3: main (in /home/fedor/CODE/C/KP_8/a.out)
==101904==  Address 0x4a620a8 is 24 bytes inside a block of size 32 free'd
==101904==    at 0x48458CF: free (vg_replace_malloc.c:989)
==101904==    by 0x109A28: list_destroy (in /home/fedor/CODE/C/KP_8/a.out)
==101904==    by 0x10919A: main (in /home/fedor/CODE/C/KP_8/a.out)
==101904==  Block was alloc'd at
==101904==    at 0x4842788: malloc (vg_replace_malloc.c:446)
==101904==    by 0x109270: list_grow (in /home/fedor/CODE/C/KP_8/a.out)
==101904==    by 0x10930C: list_init (in /home/fedor/CODE/C/KP_8/a.out)
==101904==    by 0x10918A: main (in /home/fedor/CODE/C/KP_8/a.out)
==101904== 
==101904== Invalid write of size 4
==101904==    at 0x109598: insert_before (in /home/fedor/CODE/C/KP_8/a.out)
==101904==    by 0x1091C3: main (in /home/fedor/CODE/C/KP_8/a.out)
==101904==  Address 0x4a62050 is 8 bytes after a block of size 8 free'd
==101904==    at 0x48458CF: free (vg_replace_malloc.c:989)
==101904==    by 0x109A34: list_destroy (in /home/fedor/CODE/C/KP_8/a.out)
==101904==    by 0x10919A: main (in /home/fedor/CODE/C/KP_8/a.out)
==101904==  Block was alloc'd at
==101904==    at 0x4842788: malloc (vg_replace_malloc.c:446)
==101904==    by 0x1092DB: list_init (in /home/fedor/CODE/C/KP_8/a.out)
==101904==    by 0x10918A: main (in /home/fedor/CODE/C/KP_8/a.out)
==101904== 
==101904== Invalid read of size 8
==101904==    at 0x10959F: insert_before (in /home/fedor/CODE/C/KP_8/a.out)
==101904==    by 0x1091C3: main (in /home/fedor/CODE/C/KP_8/a.out)
==101904==  Address 0x4a62058 is 16 bytes after a block of size 8 free'd
==101904==    at 0x48458CF: free (vg_replace_malloc.c:989)
==101904==    by 0x109A34: list_destroy (in /home/fedor/CODE/C/KP_8/a.out)
==101904==    by 0x10919A: main (in /home/fedor/CODE/C/KP_8/a.out)
==101904==  Block was alloc'd at
==101904==    at 0x4842788: malloc (vg_replace_malloc.c:446)
==101904==    by 0x1092DB: list_init (in /home/fedor/CODE/C/KP_8/a.out)
==101904==    by 0x10918A: main (in /home/fedor/CODE/C/KP_8/a.out)
==101904== 
==101904== Invalid write of size 4
==101904==    at 0x1095B3: insert_before (in /home/fedor/CODE/C/KP_8/a.out)
==101904==    by 0x1091C3: main (in /home/fedor/CODE/C/KP_8/a.out)
==101904==  Address 0x4a62098 is 8 bytes inside a block of size 32 free'd
==101904==    at 0x48458CF: free (vg_replace_malloc.c:989)
==101904==    by 0x109A28: list_destroy (in /home/fedor/CODE/C/KP_8/a.out)
==101904==    by 0x10919A: main (in /home/fedor/CODE/C/KP_8/a.out)
==101904==  Block was alloc'd at
==101904==    at 0x4842788: malloc (vg_replace_malloc.c:446)
==101904==    by 0x109270: list_grow (in /home/fedor/CODE/C/KP_8/a.out)
==101904==    by 0x10930C: list_init (in /home/fedor/CODE/C/KP_8/a.out)
==101904==    by 0x10918A: main (in /home/fedor/CODE/C/KP_8/a.out)
==101904== 
==101904== Invalid read of size 8
==101904==    at 0x1095BA: insert_before (in /home/fedor/CODE/C/KP_8/a.out)
==101904==    by 0x1091C3: main (in /home/fedor/CODE/C/KP_8/a.out)
==101904==  Address 0x4a62058 is 16 bytes after a block of size 8 free'd
==101904==    at 0x48458CF: free (vg_replace_malloc.c:989)
==101904==    by 0x109A34: list_destroy (in /home/fedor/CODE/C/KP_8/a.out)
==101904==    by 0x10919A: main (in /home/fedor/CODE/C/KP_8/a.out)
==101904==  Block was alloc'd at
==101904==    at 0x4842788: malloc (vg_replace_malloc.c:446)
==101904==    by 0x1092DB: list_init (in /home/fedor/CODE/C/KP_8/a.out)
==101904==    by 0x10918A: main (in /home/fedor/CODE/C/KP_8/a.out)
==101904== 
==101904== Invalid write of size 4
==101904==    at 0x1095CE: insert_before (in /home/fedor/CODE/C/KP_8/a.out)
==101904==    by 0x1091C3: main (in /home/fedor/CODE/C/KP_8/a.out)
==101904==  Address 0x4a6209c is 12 bytes inside a block of size 32 free'd
==101904==    at 0x48458CF: free (vg_replace_malloc.c:989)
==101904==    by 0x109A28: list_destroy (in /home/fedor/CODE/C/KP_8/a.out)
==101904==    by 0x10919A: main (in /home/fedor/CODE/C/KP_8/a.out)
==101904==  Block was alloc'd at
==101904==    at 0x4842788: malloc (vg_replace_malloc.c:446)
==101904==    by 0x109270: list_grow (in /home/fedor/CODE/C/KP_8/a.out)
==101904==    by 0x10930C: list_init (in /home/fedor/CODE/C/KP_8/a.out)
==101904==    by 0x10918A: main (in /home/fedor/CODE/C/KP_8/a.out)
==101904== 
==101904== Invalid read of size 8
==101904==    at 0x1095D5: insert_before (in /home/fedor/CODE/C/KP_8/a.out)
==101904==    by 0x1091C3: main (in /home/fedor/CODE/C/KP_8/a.out)
==101904==  Address 0x4a62058 is 16 bytes after a block of size 8 free'd
==101904==    at 0x48458CF: free (vg_replace_malloc.c:989)
==101904==    by 0x109A34: list_destroy (in /home/fedor/CODE/C/KP_8/a.out)
==101904==    by 0x10919A: main (in /home/fedor/CODE/C/KP_8/a.out)
==101904==  Block was alloc'd at
==101904==    at 0x4842788: malloc (vg_replace_malloc.c:446)
==101904==    by 0x1092DB: list_init (in /home/fedor/CODE/C/KP_8/a.out)
==101904==    by 0x10918A: main (in /home/fedor/CODE/C/KP_8/a.out)
==101904== 
==101904== Invalid write of size 8
==101904==    at 0x1095EF: insert_before (in /home/fedor/CODE/C/KP_8/a.out)
==101904==    by 0x1091C3: main (in /home/fedor/CODE/C/KP_8/a.out)
==101904==  Address 0x4a620a0 is 16 bytes inside a block of size 32 free'd
==101904==    at 0x48458CF: free (vg_replace_malloc.c:989)
==101904==    by 0x109A28: list_destroy (in /home/fedor/CODE/C/KP_8/a.out)
==101904==    by 0x10919A: main (in /home/fedor/CODE/C/KP_8/a.out)
==101904==  Block was alloc'd at
==101904==    at 0x4842788: malloc (vg_replace_malloc.c:446)
==101904==    by 0x109270: list_grow (in /home/fedor/CODE/C/KP_8/a.out)
==101904==    by 0x10930C: list_init (in /home/fedor/CODE/C/KP_8/a.out)
==101904==    by 0x10918A: main (in /home/fedor/CODE/C/KP_8/a.out)
==101904== 
==101904== Invalid write of size 8
==101904==    at 0x1095F2: insert_before (in /home/fedor/CODE/C/KP_8/a.out)
==101904==    by 0x1091C3: main (in /home/fedor/CODE/C/KP_8/a.out)
==101904==  Address 0x4a620a8 is 24 bytes inside a block of size 32 free'd
==101904==    at 0x48458CF: free (vg_replace_malloc.c:989)
==101904==    by 0x109A28: list_destroy (in /home/fedor/CODE/C/KP_8/a.out)
==101904==    by 0x10919A: main (in /home/fedor/CODE/C/KP_8/a.out)
==101904==  Block was alloc'd at
==101904==    at 0x4842788: malloc (vg_replace_malloc.c:446)
==101904==    by 0x109270: list_grow (in /home/fedor/CODE/C/KP_8/a.out)
==101904==    by 0x10930C: list_init (in /home/fedor/CODE/C/KP_8/a.out)
==101904==    by 0x10918A: main (in /home/fedor/CODE/C/KP_8/a.out)
==101904== 
==101904== Invalid read of size 4
==101904==    at 0x1095FA: insert_before (in /home/fedor/CODE/C/KP_8/a.out)
==101904==    by 0x1091C3: main (in /home/fedor/CODE/C/KP_8/a.out)
==101904==  Address 0x4a62044 is 4 bytes inside a block of size 8 free'd
==101904==    at 0x48458CF: free (vg_replace_malloc.c:989)
==101904==    by 0x109A34: list_destroy (in /home/fedor/CODE/C/KP_8/a.out)
==101904==    by 0x10919A: main (in /home/fedor/CODE/C/KP_8/a.out)
==101904==  Block was alloc'd at
==101904==    at 0x4842788: malloc (vg_replace_malloc.c:446)
==101904==    by 0x1092DB: list_init (in /home/fedor/CODE/C/KP_8/a.out)
==101904==    by 0x10918A: main (in /home/fedor/CODE/C/KP_8/a.out)
==101904== 
==101904== Invalid write of size 4
==101904==    at 0x109604: insert_before (in /home/fedor/CODE/C/KP_8/a.out)
==101904==    by 0x1091C3: main (in /home/fedor/CODE/C/KP_8/a.out)
==101904==  Address 0x4a62044 is 4 bytes inside a block of size 8 free'd
==101904==    at 0x48458CF: free (vg_replace_malloc.c:989)
==101904==    by 0x109A34: list_destroy (in /home/fedor/CODE/C/KP_8/a.out)
==101904==    by 0x10919A: main (in /home/fedor/CODE/C/KP_8/a.out)
==101904==  Block was alloc'd at
==101904==    at 0x4842788: malloc (vg_replace_malloc.c:446)
==101904==    by 0x1092DB: list_init (in /home/fedor/CODE/C/KP_8/a.out)
==101904==    by 0x10918A: main (in /home/fedor/CODE/C/KP_8/a.out)
==101904== 
==101904== Invalid read of size 4
==101904==    at 0x10960E: insert_before (in /home/fedor/CODE/C/KP_8/a.out)
==101904==    by 0x1091C3: main (in /home/fedor/CODE/C/KP_8/a.out)
==101904==  Address 0x4a62048 is 0 bytes after a block of size 8 free'd
==101904==    at 0x48458CF: free (vg_replace_malloc.c:989)
==101904==    by 0x109A34: list_destroy (in /home/fedor/CODE/C/KP_8/a.out)
==101904==    by 0x10919A: main (in /home/fedor/CODE/C/KP_8/a.out)
==101904==  Block was alloc'd at
==101904==    at 0x4842788: malloc (vg_replace_malloc.c:446)
==101904==    by 0x1092DB: list_init (in /home/fedor/CODE/C/KP_8/a.out)
==101904==    by 0x10918A: main (in /home/fedor/CODE/C/KP_8/a.out)
==101904== 
==101904== Invalid write of size 4
==101904==    at 0x10961C: insert_before (in /home/fedor/CODE/C/KP_8/a.out)
==101904==    by 0x1091C3: main (in /home/fedor/CODE/C/KP_8/a.out)
==101904==  Address 0x4a62048 is 0 bytes after a block of size 8 free'd
==101904==    at 0x48458CF: free (vg_replace_malloc.c:989)
==101904==    by 0x109A34: list_destroy (in /home/fedor/CODE/C/KP_8/a.out)
==101904==    by 0x10919A: main (in /home/fedor/CODE/C/KP_8/a.out)
==101904==  Block was alloc'd at
==101904==    at 0x4842788: malloc (vg_replace_malloc.c:446)
==101904==    by 0x1092DB: list_init (in /home/fedor/CODE/C/KP_8/a.out)
==101904==    by 0x10918A: main (in /home/fedor/CODE/C/KP_8/a.out)
==101904== 
==101904== Invalid read of size 4
==101904==    at 0x109379: list_begin (in /home/fedor/CODE/C/KP_8/a.out)
==101904==    by 0x10997B: print_list (in /home/fedor/CODE/C/KP_8/a.out)
==101904==    by 0x1091CF: main (in /home/fedor/CODE/C/KP_8/a.out)
==101904==  Address 0x4a62048 is 0 bytes after a block of size 8 free'd
==101904==    at 0x48458CF: free (vg_replace_malloc.c:989)
==101904==    by 0x109A34: list_destroy (in /home/fedor/CODE/C/KP_8/a.out)
==101904==    by 0x10919A: main (in /home/fedor/CODE/C/KP_8/a.out)
==101904==  Block was alloc'd at
==101904==    at 0x4842788: malloc (vg_replace_malloc.c:446)
==101904==    by 0x1092DB: list_init (in /home/fedor/CODE/C/KP_8/a.out)
==101904==    by 0x10918A: main (in /home/fedor/CODE/C/KP_8/a.out)
==101904== 
==101904== Invalid read of size 4
==101904==    at 0x1094DC: iter_end (in /home/fedor/CODE/C/KP_8/a.out)
==101904==    by 0x1099E4: print_list (in /home/fedor/CODE/C/KP_8/a.out)
==101904==    by 0x1091CF: main (in /home/fedor/CODE/C/KP_8/a.out)
==101904==  Address 0x4a6204c is 4 bytes after a block of size 8 free'd
==101904==    at 0x48458CF: free (vg_replace_malloc.c:989)
==101904==    by 0x109A34: list_destroy (in /home/fedor/CODE/C/KP_8/a.out)
==101904==    by 0x10919A: main (in /home/fedor/CODE/C/KP_8/a.out)
==101904==  Block was alloc'd at
==101904==    at 0x4842788: malloc (vg_replace_malloc.c:446)
==101904==    by 0x1092DB: list_init (in /home/fedor/CODE/C/KP_8/a.out)
==101904==    by 0x10918A: main (in /home/fedor/CODE/C/KP_8/a.out)
==101904== 
==101904== Invalid read of size 8
==101904==    at 0x1093F1: list_iter_val (in /home/fedor/CODE/C/KP_8/a.out)
==101904==    by 0x109998: print_list (in /home/fedor/CODE/C/KP_8/a.out)
==101904==    by 0x1091CF: main (in /home/fedor/CODE/C/KP_8/a.out)
==101904==  Address 0x4a62058 is 16 bytes after a block of size 8 free'd
==101904==    at 0x48458CF: free (vg_replace_malloc.c:989)
==101904==    by 0x109A34: list_destroy (in /home/fedor/CODE/C/KP_8/a.out)
==101904==    by 0x10919A: main (in /home/fedor/CODE/C/KP_8/a.out)
==101904==  Block was alloc'd at
==101904==    at 0x4842788: malloc (vg_replace_malloc.c:446)
==101904==    by 0x1092DB: list_init (in /home/fedor/CODE/C/KP_8/a.out)
==101904==    by 0x10918A: main (in /home/fedor/CODE/C/KP_8/a.out)
==101904== 
==101904== Invalid read of size 8
==101904==    at 0x109402: list_iter_val (in /home/fedor/CODE/C/KP_8/a.out)
==101904==    by 0x109998: print_list (in /home/fedor/CODE/C/KP_8/a.out)
==101904==    by 0x1091CF: main (in /home/fedor/CODE/C/KP_8/a.out)
==101904==  Address 0x4a620a0 is 16 bytes inside a block of size 32 free'd
==101904==    at 0x48458CF: free (vg_replace_malloc.c:989)
==101904==    by 0x109A28: list_destroy (in /home/fedor/CODE/C/KP_8/a.out)
==101904==    by 0x10919A: main (in /home/fedor/CODE/C/KP_8/a.out)
==101904==  Block was alloc'd at
==101904==    at 0x4842788: malloc (vg_replace_malloc.c:446)
==101904==    by 0x109270: list_grow (in /home/fedor/CODE/C/KP_8/a.out)
==101904==    by 0x10930C: list_init (in /home/fedor/CODE/C/KP_8/a.out)
==101904==    by 0x10918A: main (in /home/fedor/CODE/C/KP_8/a.out)
==101904== 
==101904== Invalid read of size 8
==101904==    at 0x10942B: list_iter_next (in /home/fedor/CODE/C/KP_8/a.out)
==101904==    by 0x1099C9: print_list (in /home/fedor/CODE/C/KP_8/a.out)
==101904==    by 0x1091CF: main (in /home/fedor/CODE/C/KP_8/a.out)
==101904==  Address 0x4a62058 is 16 bytes after a block of size 8 free'd
==101904==    at 0x48458CF: free (vg_replace_malloc.c:989)
==101904==    by 0x109A34: list_destroy (in /home/fedor/CODE/C/KP_8/a.out)
==101904==    by 0x10919A: main (in /home/fedor/CODE/C/KP_8/a.out)
==101904==  Block was alloc'd at
==101904==    at 0x4842788: malloc (vg_replace_malloc.c:446)
==101904==    by 0x1092DB: list_init (in /home/fedor/CODE/C/KP_8/a.out)
==101904==    by 0x10918A: main (in /home/fedor/CODE/C/KP_8/a.out)
==101904== 
==101904== Invalid read of size 4
==101904==    at 0x10943C: list_iter_next (in /home/fedor/CODE/C/KP_8/a.out)
==101904==    by 0x1099C9: print_list (in /home/fedor/CODE/C/KP_8/a.out)
==101904==    by 0x1091CF: main (in /home/fedor/CODE/C/KP_8/a.out)
==101904==  Address 0x4a620a8 is 24 bytes inside a block of size 32 free'd
==101904==    at 0x48458CF: free (vg_replace_malloc.c:989)
==101904==    by 0x109A28: list_destroy (in /home/fedor/CODE/C/KP_8/a.out)
==101904==    by 0x10919A: main (in /home/fedor/CODE/C/KP_8/a.out)
==101904==  Block was alloc'd at
==101904==    at 0x4842788: malloc (vg_replace_malloc.c:446)
==101904==    by 0x109270: list_grow (in /home/fedor/CODE/C/KP_8/a.out)
==101904==    by 0x10930C: list_init (in /home/fedor/CODE/C/KP_8/a.out)
==101904==    by 0x10918A: main (in /home/fedor/CODE/C/KP_8/a.out)
==101904== 
==101904== Invalid read of size 8
==101904==    at 0x109A1D: list_destroy (in /home/fedor/CODE/C/KP_8/a.out)
==101904==    by 0x1091DB: main (in /home/fedor/CODE/C/KP_8/a.out)
==101904==  Address 0x4a62058 is 16 bytes after a block of size 8 free'd
==101904==    at 0x48458CF: free (vg_replace_malloc.c:989)
==101904==    by 0x109A34: list_destroy (in /home/fedor/CODE/C/KP_8/a.out)
==101904==    by 0x10919A: main (in /home/fedor/CODE/C/KP_8/a.out)
==101904==  Block was alloc'd at
==101904==    at 0x4842788: malloc (vg_replace_malloc.c:446)
==101904==    by 0x1092DB: list_init (in /home/fedor/CODE/C/KP_8/a.out)
==101904==    by 0x10918A: main (in /home/fedor/CODE/C/KP_8/a.out)
==101904== 
==101904== Invalid free() / delete / delete[] / realloc()
==101904==    at 0x48458CF: free (vg_replace_malloc.c:989)
==101904==    by 0x109A28: list_destroy (in /home/fedor/CODE/C/KP_8/a.out)
==101904==    by 0x1091DB: main (in /home/fedor/CODE/C/KP_8/a.out)
==101904==  Address 0x4a62090 is 0 bytes inside a block of size 32 free'd
==101904==    at 0x48458CF: free (vg_replace_malloc.c:989)
==101904==    by 0x109A28: list_destroy (in /home/fedor/CODE/C/KP_8/a.out)
==101904==    by 0x10919A: main (in /home/fedor/CODE/C/KP_8/a.out)
==101904==  Block was alloc'd at
==101904==    at 0x4842788: malloc (vg_replace_malloc.c:446)
==101904==    by 0x109270: list_grow (in /home/fedor/CODE/C/KP_8/a.out)
==101904==    by 0x10930C: list_init (in /home/fedor/CODE/C/KP_8/a.out)
==101904==    by 0x10918A: main (in /home/fedor/CODE/C/KP_8/a.out)
==101904== 
==101904== Invalid free() / delete / delete[] / realloc()
==101904==    at 0x48458CF: free (vg_replace_malloc.c:989)
==101904==    by 0x109A34: list_destroy (in /home/fedor/CODE/C/KP_8/a.out)
==101904==    by 0x1091DB: main (in /home/fedor/CODE/C/KP_8/a.out)
==101904==  Address 0x4a62040 is 0 bytes inside a block of size 8 free'd
==101904==    at 0x48458CF: free (vg_replace_malloc.c:989)
==101904==    by 0x109A34: list_destroy (in /home/fedor/CODE/C/KP_8/a.out)
==101904==    by 0x10919A: main (in /home/fedor/CODE/C/KP_8/a.out)
==101904==  Block was alloc'd at
==101904==    at 0x4842788: malloc (vg_replace_malloc.c:446)
==101904==    by 0x1092DB: list_init (in /home/fedor/CODE/C/KP_8/a.out)
==101904==    by 0x10918A: main (in /home/fedor/CODE/C/KP_8/a.out)
==101904== 
==101904== 
==101904== HEAP SUMMARY:
==101904==     in use at exit: 0 bytes in 0 blocks
==101904==   total heap usage: 3 allocs, 5 frees, 1,064 bytes allocated
==101904== 
==101904== All heap blocks were freed -- no leaks are possible
==101904== 
==101904== ERROR SUMMARY: 40 errors from 39 contexts (suppressed: 0 from 0)
==101904== 
==101904== 1 errors in context 1 of 39:
==101904== Invalid free() / delete / delete[] / realloc()
==101904==    at 0x48458CF: free (vg_replace_malloc.c:989)
==101904==    by 0x109A34: list_destroy (in /home/fedor/CODE/C/KP_8/a.out)
==101904==    by 0x1091DB: main (in /home/fedor/CODE/C/KP_8/a.out)
==101904==  Address 0x4a62040 is 0 bytes inside a block of size 8 free'd
==101904==    at 0x48458CF: free (vg_replace_malloc.c:989)
==101904==    by 0x109A34: list_destroy (in /home/fedor/CODE/C/KP_8/a.out)
==101904==    by 0x10919A: main (in /home/fedor/CODE/C/KP_8/a.out)
==101904==  Block was alloc'd at
==101904==    at 0x4842788: malloc (vg_replace_malloc.c:446)
==101904==    by 0x1092DB: list_init (in /home/fedor/CODE/C/KP_8/a.out)
==101904==    by 0x10918A: main (in /home/fedor/CODE/C/KP_8/a.out)
==101904== 
==101904== 
==101904== 1 errors in context 2 of 39:
==101904== Invalid free() / delete / delete[] / realloc()
==101904==    at 0x48458CF: free (vg_replace_malloc.c:989)
==101904==    by 0x109A28: list_destroy (in /home/fedor/CODE/C/KP_8/a.out)
==101904==    by 0x1091DB: main (in /home/fedor/CODE/C/KP_8/a.out)
==101904==  Address 0x4a62090 is 0 bytes inside a block of size 32 free'd
==101904==    at 0x48458CF: free (vg_replace_malloc.c:989)
==101904==    by 0x109A28: list_destroy (in /home/fedor/CODE/C/KP_8/a.out)
==101904==    by 0x10919A: main (in /home/fedor/CODE/C/KP_8/a.out)
==101904==  Block was alloc'd at
==101904==    at 0x4842788: malloc (vg_replace_malloc.c:446)
==101904==    by 0x109270: list_grow (in /home/fedor/CODE/C/KP_8/a.out)
==101904==    by 0x10930C: list_init (in /home/fedor/CODE/C/KP_8/a.out)
==101904==    by 0x10918A: main (in /home/fedor/CODE/C/KP_8/a.out)
==101904== 
==101904== 
==101904== 1 errors in context 3 of 39:
==101904== Invalid read of size 8
==101904==    at 0x109A1D: list_destroy (in /home/fedor/CODE/C/KP_8/a.out)
==101904==    by 0x1091DB: main (in /home/fedor/CODE/C/KP_8/a.out)
==101904==  Address 0x4a62058 is 16 bytes after a block of size 8 free'd
==101904==    at 0x48458CF: free (vg_replace_malloc.c:989)
==101904==    by 0x109A34: list_destroy (in /home/fedor/CODE/C/KP_8/a.out)
==101904==    by 0x10919A: main (in /home/fedor/CODE/C/KP_8/a.out)
==101904==  Block was alloc'd at
==101904==    at 0x4842788: malloc (vg_replace_malloc.c:446)
==101904==    by 0x1092DB: list_init (in /home/fedor/CODE/C/KP_8/a.out)
==101904==    by 0x10918A: main (in /home/fedor/CODE/C/KP_8/a.out)
==101904== 
==101904== 
==101904== 1 errors in context 4 of 39:
==101904== Invalid read of size 4
==101904==    at 0x10943C: list_iter_next (in /home/fedor/CODE/C/KP_8/a.out)
==101904==    by 0x1099C9: print_list (in /home/fedor/CODE/C/KP_8/a.out)
==101904==    by 0x1091CF: main (in /home/fedor/CODE/C/KP_8/a.out)
==101904==  Address 0x4a620a8 is 24 bytes inside a block of size 32 free'd
==101904==    at 0x48458CF: free (vg_replace_malloc.c:989)
==101904==    by 0x109A28: list_destroy (in /home/fedor/CODE/C/KP_8/a.out)
==101904==    by 0x10919A: main (in /home/fedor/CODE/C/KP_8/a.out)
==101904==  Block was alloc'd at
==101904==    at 0x4842788: malloc (vg_replace_malloc.c:446)
==101904==    by 0x109270: list_grow (in /home/fedor/CODE/C/KP_8/a.out)
==101904==    by 0x10930C: list_init (in /home/fedor/CODE/C/KP_8/a.out)
==101904==    by 0x10918A: main (in /home/fedor/CODE/C/KP_8/a.out)
==101904== 
==101904== 
==101904== 1 errors in context 5 of 39:
==101904== Invalid read of size 8
==101904==    at 0x10942B: list_iter_next (in /home/fedor/CODE/C/KP_8/a.out)
==101904==    by 0x1099C9: print_list (in /home/fedor/CODE/C/KP_8/a.out)
==101904==    by 0x1091CF: main (in /home/fedor/CODE/C/KP_8/a.out)
==101904==  Address 0x4a62058 is 16 bytes after a block of size 8 free'd
==101904==    at 0x48458CF: free (vg_replace_malloc.c:989)
==101904==    by 0x109A34: list_destroy (in /home/fedor/CODE/C/KP_8/a.out)
==101904==    by 0x10919A: main (in /home/fedor/CODE/C/KP_8/a.out)
==101904==  Block was alloc'd at
==101904==    at 0x4842788: malloc (vg_replace_malloc.c:446)
==101904==    by 0x1092DB: list_init (in /home/fedor/CODE/C/KP_8/a.out)
==101904==    by 0x10918A: main (in /home/fedor/CODE/C/KP_8/a.out)
==101904== 
==101904== 
==101904== 1 errors in context 6 of 39:
==101904== Invalid read of size 8
==101904==    at 0x109402: list_iter_val (in /home/fedor/CODE/C/KP_8/a.out)
==101904==    by 0x109998: print_list (in /home/fedor/CODE/C/KP_8/a.out)
==101904==    by 0x1091CF: main (in /home/fedor/CODE/C/KP_8/a.out)
==101904==  Address 0x4a620a0 is 16 bytes inside a block of size 32 free'd
==101904==    at 0x48458CF: free (vg_replace_malloc.c:989)
==101904==    by 0x109A28: list_destroy (in /home/fedor/CODE/C/KP_8/a.out)
==101904==    by 0x10919A: main (in /home/fedor/CODE/C/KP_8/a.out)
==101904==  Block was alloc'd at
==101904==    at 0x4842788: malloc (vg_replace_malloc.c:446)
==101904==    by 0x109270: list_grow (in /home/fedor/CODE/C/KP_8/a.out)
==101904==    by 0x10930C: list_init (in /home/fedor/CODE/C/KP_8/a.out)
==101904==    by 0x10918A: main (in /home/fedor/CODE/C/KP_8/a.out)
==101904== 
==101904== 
==101904== 1 errors in context 7 of 39:
==101904== Invalid read of size 8
==101904==    at 0x1093F1: list_iter_val (in /home/fedor/CODE/C/KP_8/a.out)
==101904==    by 0x109998: print_list (in /home/fedor/CODE/C/KP_8/a.out)
==101904==    by 0x1091CF: main (in /home/fedor/CODE/C/KP_8/a.out)
==101904==  Address 0x4a62058 is 16 bytes after a block of size 8 free'd
==101904==    at 0x48458CF: free (vg_replace_malloc.c:989)
==101904==    by 0x109A34: list_destroy (in /home/fedor/CODE/C/KP_8/a.out)
==101904==    by 0x10919A: main (in /home/fedor/CODE/C/KP_8/a.out)
==101904==  Block was alloc'd at
==101904==    at 0x4842788: malloc (vg_replace_malloc.c:446)
==101904==    by 0x1092DB: list_init (in /home/fedor/CODE/C/KP_8/a.out)
==101904==    by 0x10918A: main (in /home/fedor/CODE/C/KP_8/a.out)
==101904== 
==101904== 
==101904== 1 errors in context 8 of 39:
==101904== Invalid read of size 4
==101904==    at 0x109379: list_begin (in /home/fedor/CODE/C/KP_8/a.out)
==101904==    by 0x10997B: print_list (in /home/fedor/CODE/C/KP_8/a.out)
==101904==    by 0x1091CF: main (in /home/fedor/CODE/C/KP_8/a.out)
==101904==  Address 0x4a62048 is 0 bytes after a block of size 8 free'd
==101904==    at 0x48458CF: free (vg_replace_malloc.c:989)
==101904==    by 0x109A34: list_destroy (in /home/fedor/CODE/C/KP_8/a.out)
==101904==    by 0x10919A: main (in /home/fedor/CODE/C/KP_8/a.out)
==101904==  Block was alloc'd at
==101904==    at 0x4842788: malloc (vg_replace_malloc.c:446)
==101904==    by 0x1092DB: list_init (in /home/fedor/CODE/C/KP_8/a.out)
==101904==    by 0x10918A: main (in /home/fedor/CODE/C/KP_8/a.out)
==101904== 
==101904== 
==101904== 1 errors in context 9 of 39:
==101904== Invalid write of size 4
==101904==    at 0x10961C: insert_before (in /home/fedor/CODE/C/KP_8/a.out)
==101904==    by 0x1091C3: main (in /home/fedor/CODE/C/KP_8/a.out)
==101904==  Address 0x4a62048 is 0 bytes after a block of size 8 free'd
==101904==    at 0x48458CF: free (vg_replace_malloc.c:989)
==101904==    by 0x109A34: list_destroy (in /home/fedor/CODE/C/KP_8/a.out)
==101904==    by 0x10919A: main (in /home/fedor/CODE/C/KP_8/a.out)
==101904==  Block was alloc'd at
==101904==    at 0x4842788: malloc (vg_replace_malloc.c:446)
==101904==    by 0x1092DB: list_init (in /home/fedor/CODE/C/KP_8/a.out)
==101904==    by 0x10918A: main (in /home/fedor/CODE/C/KP_8/a.out)
==101904== 
==101904== 
==101904== 1 errors in context 10 of 39:
==101904== Invalid read of size 4
==101904==    at 0x10960E: insert_before (in /home/fedor/CODE/C/KP_8/a.out)
==101904==    by 0x1091C3: main (in /home/fedor/CODE/C/KP_8/a.out)
==101904==  Address 0x4a62048 is 0 bytes after a block of size 8 free'd
==101904==    at 0x48458CF: free (vg_replace_malloc.c:989)
==101904==    by 0x109A34: list_destroy (in /home/fedor/CODE/C/KP_8/a.out)
==101904==    by 0x10919A: main (in /home/fedor/CODE/C/KP_8/a.out)
==101904==  Block was alloc'd at
==101904==    at 0x4842788: malloc (vg_replace_malloc.c:446)
==101904==    by 0x1092DB: list_init (in /home/fedor/CODE/C/KP_8/a.out)
==101904==    by 0x10918A: main (in /home/fedor/CODE/C/KP_8/a.out)
==101904== 
==101904== 
==101904== 1 errors in context 11 of 39:
==101904== Invalid write of size 4
==101904==    at 0x109604: insert_before (in /home/fedor/CODE/C/KP_8/a.out)
==101904==    by 0x1091C3: main (in /home/fedor/CODE/C/KP_8/a.out)
==101904==  Address 0x4a62044 is 4 bytes inside a block of size 8 free'd
==101904==    at 0x48458CF: free (vg_replace_malloc.c:989)
==101904==    by 0x109A34: list_destroy (in /home/fedor/CODE/C/KP_8/a.out)
==101904==    by 0x10919A: main (in /home/fedor/CODE/C/KP_8/a.out)
==101904==  Block was alloc'd at
==101904==    at 0x4842788: malloc (vg_replace_malloc.c:446)
==101904==    by 0x1092DB: list_init (in /home/fedor/CODE/C/KP_8/a.out)
==101904==    by 0x10918A: main (in /home/fedor/CODE/C/KP_8/a.out)
==101904== 
==101904== 
==101904== 1 errors in context 12 of 39:
==101904== Invalid read of size 4
==101904==    at 0x1095FA: insert_before (in /home/fedor/CODE/C/KP_8/a.out)
==101904==    by 0x1091C3: main (in /home/fedor/CODE/C/KP_8/a.out)
==101904==  Address 0x4a62044 is 4 bytes inside a block of size 8 free'd
==101904==    at 0x48458CF: free (vg_replace_malloc.c:989)
==101904==    by 0x109A34: list_destroy (in /home/fedor/CODE/C/KP_8/a.out)
==101904==    by 0x10919A: main (in /home/fedor/CODE/C/KP_8/a.out)
==101904==  Block was alloc'd at
==101904==    at 0x4842788: malloc (vg_replace_malloc.c:446)
==101904==    by 0x1092DB: list_init (in /home/fedor/CODE/C/KP_8/a.out)
==101904==    by 0x10918A: main (in /home/fedor/CODE/C/KP_8/a.out)
==101904== 
==101904== 
==101904== 1 errors in context 13 of 39:
==101904== Invalid write of size 8
==101904==    at 0x1095F2: insert_before (in /home/fedor/CODE/C/KP_8/a.out)
==101904==    by 0x1091C3: main (in /home/fedor/CODE/C/KP_8/a.out)
==101904==  Address 0x4a620a8 is 24 bytes inside a block of size 32 free'd
==101904==    at 0x48458CF: free (vg_replace_malloc.c:989)
==101904==    by 0x109A28: list_destroy (in /home/fedor/CODE/C/KP_8/a.out)
==101904==    by 0x10919A: main (in /home/fedor/CODE/C/KP_8/a.out)
==101904==  Block was alloc'd at
==101904==    at 0x4842788: malloc (vg_replace_malloc.c:446)
==101904==    by 0x109270: list_grow (in /home/fedor/CODE/C/KP_8/a.out)
==101904==    by 0x10930C: list_init (in /home/fedor/CODE/C/KP_8/a.out)
==101904==    by 0x10918A: main (in /home/fedor/CODE/C/KP_8/a.out)
==101904== 
==101904== 
==101904== 1 errors in context 14 of 39:
==101904== Invalid write of size 8
==101904==    at 0x1095EF: insert_before (in /home/fedor/CODE/C/KP_8/a.out)
==101904==    by 0x1091C3: main (in /home/fedor/CODE/C/KP_8/a.out)
==101904==  Address 0x4a620a0 is 16 bytes inside a block of size 32 free'd
==101904==    at 0x48458CF: free (vg_replace_malloc.c:989)
==101904==    by 0x109A28: list_destroy (in /home/fedor/CODE/C/KP_8/a.out)
==101904==    by 0x10919A: main (in /home/fedor/CODE/C/KP_8/a.out)
==101904==  Block was alloc'd at
==101904==    at 0x4842788: malloc (vg_replace_malloc.c:446)
==101904==    by 0x109270: list_grow (in /home/fedor/CODE/C/KP_8/a.out)
==101904==    by 0x10930C: list_init (in /home/fedor/CODE/C/KP_8/a.out)
==101904==    by 0x10918A: main (in /home/fedor/CODE/C/KP_8/a.out)
==101904== 
==101904== 
==101904== 1 errors in context 15 of 39:
==101904== Invalid read of size 8
==101904==    at 0x1095D5: insert_before (in /home/fedor/CODE/C/KP_8/a.out)
==101904==    by 0x1091C3: main (in /home/fedor/CODE/C/KP_8/a.out)
==101904==  Address 0x4a62058 is 16 bytes after a block of size 8 free'd
==101904==    at 0x48458CF: free (vg_replace_malloc.c:989)
==101904==    by 0x109A34: list_destroy (in /home/fedor/CODE/C/KP_8/a.out)
==101904==    by 0x10919A: main (in /home/fedor/CODE/C/KP_8/a.out)
==101904==  Block was alloc'd at
==101904==    at 0x4842788: malloc (vg_replace_malloc.c:446)
==101904==    by 0x1092DB: list_init (in /home/fedor/CODE/C/KP_8/a.out)
==101904==    by 0x10918A: main (in /home/fedor/CODE/C/KP_8/a.out)
==101904== 
==101904== 
==101904== 1 errors in context 16 of 39:
==101904== Invalid write of size 4
==101904==    at 0x1095CE: insert_before (in /home/fedor/CODE/C/KP_8/a.out)
==101904==    by 0x1091C3: main (in /home/fedor/CODE/C/KP_8/a.out)
==101904==  Address 0x4a6209c is 12 bytes inside a block of size 32 free'd
==101904==    at 0x48458CF: free (vg_replace_malloc.c:989)
==101904==    by 0x109A28: list_destroy (in /home/fedor/CODE/C/KP_8/a.out)
==101904==    by 0x10919A: main (in /home/fedor/CODE/C/KP_8/a.out)
==101904==  Block was alloc'd at
==101904==    at 0x4842788: malloc (vg_replace_malloc.c:446)
==101904==    by 0x109270: list_grow (in /home/fedor/CODE/C/KP_8/a.out)
==101904==    by 0x10930C: list_init (in /home/fedor/CODE/C/KP_8/a.out)
==101904==    by 0x10918A: main (in /home/fedor/CODE/C/KP_8/a.out)
==101904== 
==101904== 
==101904== 1 errors in context 17 of 39:
==101904== Invalid read of size 8
==101904==    at 0x1095BA: insert_before (in /home/fedor/CODE/C/KP_8/a.out)
==101904==    by 0x1091C3: main (in /home/fedor/CODE/C/KP_8/a.out)
==101904==  Address 0x4a62058 is 16 bytes after a block of size 8 free'd
==101904==    at 0x48458CF: free (vg_replace_malloc.c:989)
==101904==    by 0x109A34: list_destroy (in /home/fedor/CODE/C/KP_8/a.out)
==101904==    by 0x10919A: main (in /home/fedor/CODE/C/KP_8/a.out)
==101904==  Block was alloc'd at
==101904==    at 0x4842788: malloc (vg_replace_malloc.c:446)
==101904==    by 0x1092DB: list_init (in /home/fedor/CODE/C/KP_8/a.out)
==101904==    by 0x10918A: main (in /home/fedor/CODE/C/KP_8/a.out)
==101904== 
==101904== 
==101904== 1 errors in context 18 of 39:
==101904== Invalid write of size 4
==101904==    at 0x1095B3: insert_before (in /home/fedor/CODE/C/KP_8/a.out)
==101904==    by 0x1091C3: main (in /home/fedor/CODE/C/KP_8/a.out)
==101904==  Address 0x4a62098 is 8 bytes inside a block of size 32 free'd
==101904==    at 0x48458CF: free (vg_replace_malloc.c:989)
==101904==    by 0x109A28: list_destroy (in /home/fedor/CODE/C/KP_8/a.out)
==101904==    by 0x10919A: main (in /home/fedor/CODE/C/KP_8/a.out)
==101904==  Block was alloc'd at
==101904==    at 0x4842788: malloc (vg_replace_malloc.c:446)
==101904==    by 0x109270: list_grow (in /home/fedor/CODE/C/KP_8/a.out)
==101904==    by 0x10930C: list_init (in /home/fedor/CODE/C/KP_8/a.out)
==101904==    by 0x10918A: main (in /home/fedor/CODE/C/KP_8/a.out)
==101904== 
==101904== 
==101904== 1 errors in context 19 of 39:
==101904== Invalid read of size 8
==101904==    at 0x10959F: insert_before (in /home/fedor/CODE/C/KP_8/a.out)
==101904==    by 0x1091C3: main (in /home/fedor/CODE/C/KP_8/a.out)
==101904==  Address 0x4a62058 is 16 bytes after a block of size 8 free'd
==101904==    at 0x48458CF: free (vg_replace_malloc.c:989)
==101904==    by 0x109A34: list_destroy (in /home/fedor/CODE/C/KP_8/a.out)
==101904==    by 0x10919A: main (in /home/fedor/CODE/C/KP_8/a.out)
==101904==  Block was alloc'd at
==101904==    at 0x4842788: malloc (vg_replace_malloc.c:446)
==101904==    by 0x1092DB: list_init (in /home/fedor/CODE/C/KP_8/a.out)
==101904==    by 0x10918A: main (in /home/fedor/CODE/C/KP_8/a.out)
==101904== 
==101904== 
==101904== 1 errors in context 20 of 39:
==101904== Invalid write of size 4
==101904==    at 0x109598: insert_before (in /home/fedor/CODE/C/KP_8/a.out)
==101904==    by 0x1091C3: main (in /home/fedor/CODE/C/KP_8/a.out)
==101904==  Address 0x4a62050 is 8 bytes after a block of size 8 free'd
==101904==    at 0x48458CF: free (vg_replace_malloc.c:989)
==101904==    by 0x109A34: list_destroy (in /home/fedor/CODE/C/KP_8/a.out)
==101904==    by 0x10919A: main (in /home/fedor/CODE/C/KP_8/a.out)
==101904==  Block was alloc'd at
==101904==    at 0x4842788: malloc (vg_replace_malloc.c:446)
==101904==    by 0x1092DB: list_init (in /home/fedor/CODE/C/KP_8/a.out)
==101904==    by 0x10918A: main (in /home/fedor/CODE/C/KP_8/a.out)
==101904== 
==101904== 
==101904== 1 errors in context 21 of 39:
==101904== Invalid read of size 4
==101904==    at 0x109591: insert_before (in /home/fedor/CODE/C/KP_8/a.out)
==101904==    by 0x1091C3: main (in /home/fedor/CODE/C/KP_8/a.out)
==101904==  Address 0x4a620a8 is 24 bytes inside a block of size 32 free'd
==101904==    at 0x48458CF: free (vg_replace_malloc.c:989)
==101904==    by 0x109A28: list_destroy (in /home/fedor/CODE/C/KP_8/a.out)
==101904==    by 0x10919A: main (in /home/fedor/CODE/C/KP_8/a.out)
==101904==  Block was alloc'd at
==101904==    at 0x4842788: malloc (vg_replace_malloc.c:446)
==101904==    by 0x109270: list_grow (in /home/fedor/CODE/C/KP_8/a.out)
==101904==    by 0x10930C: list_init (in /home/fedor/CODE/C/KP_8/a.out)
==101904==    by 0x10918A: main (in /home/fedor/CODE/C/KP_8/a.out)
==101904== 
==101904== 
==101904== 1 errors in context 22 of 39:
==101904== Invalid read of size 4
==101904==    at 0x109585: insert_before (in /home/fedor/CODE/C/KP_8/a.out)
==101904==    by 0x1091C3: main (in /home/fedor/CODE/C/KP_8/a.out)
==101904==  Address 0x4a62050 is 8 bytes after a block of size 8 free'd
==101904==    at 0x48458CF: free (vg_replace_malloc.c:989)
==101904==    by 0x109A34: list_destroy (in /home/fedor/CODE/C/KP_8/a.out)
==101904==    by 0x10919A: main (in /home/fedor/CODE/C/KP_8/a.out)
==101904==  Block was alloc'd at
==101904==    at 0x4842788: malloc (vg_replace_malloc.c:446)
==101904==    by 0x1092DB: list_init (in /home/fedor/CODE/C/KP_8/a.out)
==101904==    by 0x10918A: main (in /home/fedor/CODE/C/KP_8/a.out)
==101904== 
==101904== 
==101904== 1 errors in context 23 of 39:
==101904== Invalid read of size 8
==101904==    at 0x10957D: insert_before (in /home/fedor/CODE/C/KP_8/a.out)
==101904==    by 0x1091C3: main (in /home/fedor/CODE/C/KP_8/a.out)
==101904==  Address 0x4a62058 is 16 bytes after a block of size 8 free'd
==101904==    at 0x48458CF: free (vg_replace_malloc.c:989)
==101904==    by 0x109A34: list_destroy (in /home/fedor/CODE/C/KP_8/a.out)
==101904==    by 0x10919A: main (in /home/fedor/CODE/C/KP_8/a.out)
==101904==  Block was alloc'd at
==101904==    at 0x4842788: malloc (vg_replace_malloc.c:446)
==101904==    by 0x1092DB: list_init (in /home/fedor/CODE/C/KP_8/a.out)
==101904==    by 0x10918A: main (in /home/fedor/CODE/C/KP_8/a.out)
==101904== 
==101904== 
==101904== 1 errors in context 24 of 39:
==101904== Invalid read of size 4
==101904==    at 0x109573: insert_before (in /home/fedor/CODE/C/KP_8/a.out)
==101904==    by 0x1091C3: main (in /home/fedor/CODE/C/KP_8/a.out)
==101904==  Address 0x4a62050 is 8 bytes after a block of size 8 free'd
==101904==    at 0x48458CF: free (vg_replace_malloc.c:989)
==101904==    by 0x109A34: list_destroy (in /home/fedor/CODE/C/KP_8/a.out)
==101904==    by 0x10919A: main (in /home/fedor/CODE/C/KP_8/a.out)
==101904==  Block was alloc'd at
==101904==    at 0x4842788: malloc (vg_replace_malloc.c:446)
==101904==    by 0x1092DB: list_init (in /home/fedor/CODE/C/KP_8/a.out)
==101904==    by 0x10918A: main (in /home/fedor/CODE/C/KP_8/a.out)
==101904== 
==101904== 
==101904== 1 errors in context 25 of 39:
==101904== Invalid read of size 4
==101904==    at 0x109494: list_iter_prev (in /home/fedor/CODE/C/KP_8/a.out)
==101904==    by 0x10954F: insert_before (in /home/fedor/CODE/C/KP_8/a.out)
==101904==    by 0x1091C3: main (in /home/fedor/CODE/C/KP_8/a.out)
==101904==  Address 0x4a6209c is 12 bytes inside a block of size 32 free'd
==101904==    at 0x48458CF: free (vg_replace_malloc.c:989)
==101904==    by 0x109A28: list_destroy (in /home/fedor/CODE/C/KP_8/a.out)
==101904==    by 0x10919A: main (in /home/fedor/CODE/C/KP_8/a.out)
==101904==  Block was alloc'd at
==101904==    at 0x4842788: malloc (vg_replace_malloc.c:446)
==101904==    by 0x109270: list_grow (in /home/fedor/CODE/C/KP_8/a.out)
==101904==    by 0x10930C: list_init (in /home/fedor/CODE/C/KP_8/a.out)
==101904==    by 0x10918A: main (in /home/fedor/CODE/C/KP_8/a.out)
==101904== 
==101904== 
==101904== 1 errors in context 26 of 39:
==101904== Invalid read of size 8
==101904==    at 0x109483: list_iter_prev (in /home/fedor/CODE/C/KP_8/a.out)
==101904==    by 0x10954F: insert_before (in /home/fedor/CODE/C/KP_8/a.out)
==101904==    by 0x1091C3: main (in /home/fedor/CODE/C/KP_8/a.out)
==101904==  Address 0x4a62058 is 16 bytes after a block of size 8 free'd
==101904==    at 0x48458CF: free (vg_replace_malloc.c:989)
==101904==    by 0x109A34: list_destroy (in /home/fedor/CODE/C/KP_8/a.out)
==101904==    by 0x10919A: main (in /home/fedor/CODE/C/KP_8/a.out)
==101904==  Block was alloc'd at
==101904==    at 0x4842788: malloc (vg_replace_malloc.c:446)
==101904==    by 0x1092DB: list_init (in /home/fedor/CODE/C/KP_8/a.out)
==101904==    by 0x10918A: main (in /home/fedor/CODE/C/KP_8/a.out)
==101904== 
==101904== 
==101904== 1 errors in context 27 of 39:
==101904== Invalid read of size 4
==101904==    at 0x10952B: insert_before (in /home/fedor/CODE/C/KP_8/a.out)
==101904==    by 0x1091C3: main (in /home/fedor/CODE/C/KP_8/a.out)
==101904==  Address 0x4a62040 is 0 bytes inside a block of size 8 free'd
==101904==    at 0x48458CF: free (vg_replace_malloc.c:989)
==101904==    by 0x109A34: list_destroy (in /home/fedor/CODE/C/KP_8/a.out)
==101904==    by 0x10919A: main (in /home/fedor/CODE/C/KP_8/a.out)
==101904==  Block was alloc'd at
==101904==    at 0x4842788: malloc (vg_replace_malloc.c:446)
==101904==    by 0x1092DB: list_init (in /home/fedor/CODE/C/KP_8/a.out)
==101904==    by 0x10918A: main (in /home/fedor/CODE/C/KP_8/a.out)
==101904== 
==101904== 
==101904== 1 errors in context 28 of 39:
==101904== Invalid read of size 4
==101904==    at 0x109524: insert_before (in /home/fedor/CODE/C/KP_8/a.out)
==101904==    by 0x1091C3: main (in /home/fedor/CODE/C/KP_8/a.out)
==101904==  Address 0x4a62044 is 4 bytes inside a block of size 8 free'd
==101904==    at 0x48458CF: free (vg_replace_malloc.c:989)
==101904==    by 0x109A34: list_destroy (in /home/fedor/CODE/C/KP_8/a.out)
==101904==    by 0x10919A: main (in /home/fedor/CODE/C/KP_8/a.out)
==101904==  Block was alloc'd at
==101904==    at 0x4842788: malloc (vg_replace_malloc.c:446)
==101904==    by 0x1092DB: list_init (in /home/fedor/CODE/C/KP_8/a.out)
==101904==    by 0x10918A: main (in /home/fedor/CODE/C/KP_8/a.out)
==101904== 
==101904== 
==101904== 1 errors in context 29 of 39:
==101904== Invalid read of size 4
==101904==    at 0x1093AB: list_end (in /home/fedor/CODE/C/KP_8/a.out)
==101904==    by 0x1091A6: main (in /home/fedor/CODE/C/KP_8/a.out)
==101904==  Address 0x4a6204c is 4 bytes after a block of size 8 free'd
==101904==    at 0x48458CF: free (vg_replace_malloc.c:989)
==101904==    by 0x109A34: list_destroy (in /home/fedor/CODE/C/KP_8/a.out)
==101904==    by 0x10919A: main (in /home/fedor/CODE/C/KP_8/a.out)
==101904==  Block was alloc'd at
==101904==    at 0x4842788: malloc (vg_replace_malloc.c:446)
==101904==    by 0x1092DB: list_init (in /home/fedor/CODE/C/KP_8/a.out)
==101904==    by 0x10918A: main (in /home/fedor/CODE/C/KP_8/a.out)
==101904== 
==101904== 
==101904== 1 errors in context 30 of 39:
==101904== Invalid read of size 8
==101904==    at 0x109A1D: list_destroy (in /home/fedor/CODE/C/KP_8/a.out)
==101904==    by 0x10919A: main (in /home/fedor/CODE/C/KP_8/a.out)
==101904==  Address 0x4a62058 is 16 bytes after a block of size 8 alloc'd
==101904==    at 0x4842788: malloc (vg_replace_malloc.c:446)
==101904==    by 0x1092DB: list_init (in /home/fedor/CODE/C/KP_8/a.out)
==101904==    by 0x10918A: main (in /home/fedor/CODE/C/KP_8/a.out)
==101904== 
==101904== 
==101904== 1 errors in context 31 of 39:
==101904== Invalid write of size 4
==101904==    at 0x10934A: list_init (in /home/fedor/CODE/C/KP_8/a.out)
==101904==    by 0x10918A: main (in /home/fedor/CODE/C/KP_8/a.out)
==101904==  Address 0x4a6204c is 4 bytes after a block of size 8 alloc'd
==101904==    at 0x4842788: malloc (vg_replace_malloc.c:446)
==101904==    by 0x1092DB: list_init (in /home/fedor/CODE/C/KP_8/a.out)
==101904==    by 0x10918A: main (in /home/fedor/CODE/C/KP_8/a.out)
==101904== 
==101904== 
==101904== 1 errors in context 32 of 39:
==101904== Invalid write of size 4
==101904==    at 0x10933F: list_init (in /home/fedor/CODE/C/KP_8/a.out)
==101904==    by 0x10918A: main (in /home/fedor/CODE/C/KP_8/a.out)
==101904==  Address 0x4a62050 is 8 bytes after a block of size 8 alloc'd
==101904==    at 0x4842788: malloc (vg_replace_malloc.c:446)
==101904==    by 0x1092DB: list_init (in /home/fedor/CODE/C/KP_8/a.out)
==101904==    by 0x10918A: main (in /home/fedor/CODE/C/KP_8/a.out)
==101904== 
==101904== 
==101904== 1 errors in context 33 of 39:
==101904== Invalid write of size 4
==101904==    at 0x109334: list_init (in /home/fedor/CODE/C/KP_8/a.out)
==101904==    by 0x10918A: main (in /home/fedor/CODE/C/KP_8/a.out)
==101904==  Address 0x4a62048 is 0 bytes after a block of size 8 alloc'd
==101904==    at 0x4842788: malloc (vg_replace_malloc.c:446)
==101904==    by 0x1092DB: list_init (in /home/fedor/CODE/C/KP_8/a.out)
==101904==    by 0x10918A: main (in /home/fedor/CODE/C/KP_8/a.out)
==101904== 
==101904== 
==101904== 1 errors in context 34 of 39:
==101904== Invalid read of size 8
==101904==    at 0x109311: list_init (in /home/fedor/CODE/C/KP_8/a.out)
==101904==    by 0x10918A: main (in /home/fedor/CODE/C/KP_8/a.out)
==101904==  Address 0x4a62058 is 16 bytes after a block of size 8 alloc'd
==101904==    at 0x4842788: malloc (vg_replace_malloc.c:446)
==101904==    by 0x1092DB: list_init (in /home/fedor/CODE/C/KP_8/a.out)
==101904==    by 0x10918A: main (in /home/fedor/CODE/C/KP_8/a.out)
==101904== 
==101904== 
==101904== 1 errors in context 35 of 39:
==101904== Invalid read of size 8
==101904==    at 0x109291: list_grow (in /home/fedor/CODE/C/KP_8/a.out)
==101904==    by 0x10930C: list_init (in /home/fedor/CODE/C/KP_8/a.out)
==101904==    by 0x10918A: main (in /home/fedor/CODE/C/KP_8/a.out)
==101904==  Address 0x4a62058 is 16 bytes after a block of size 8 alloc'd
==101904==    at 0x4842788: malloc (vg_replace_malloc.c:446)
==101904==    by 0x1092DB: list_init (in /home/fedor/CODE/C/KP_8/a.out)
==101904==    by 0x10918A: main (in /home/fedor/CODE/C/KP_8/a.out)
==101904== 
==101904== 
==101904== 1 errors in context 36 of 39:
==101904== Invalid write of size 8
==101904==    at 0x109278: list_grow (in /home/fedor/CODE/C/KP_8/a.out)
==101904==    by 0x10930C: list_init (in /home/fedor/CODE/C/KP_8/a.out)
==101904==    by 0x10918A: main (in /home/fedor/CODE/C/KP_8/a.out)
==101904==  Address 0x4a62058 is 16 bytes after a block of size 8 alloc'd
==101904==    at 0x4842788: malloc (vg_replace_malloc.c:446)
==101904==    by 0x1092DB: list_init (in /home/fedor/CODE/C/KP_8/a.out)
==101904==    by 0x10918A: main (in /home/fedor/CODE/C/KP_8/a.out)
==101904== 
==101904== 
==101904== 1 errors in context 37 of 39:
==101904== Invalid read of size 8
==101904==    at 0x10923B: list_grow (in /home/fedor/CODE/C/KP_8/a.out)
==101904==    by 0x10930C: list_init (in /home/fedor/CODE/C/KP_8/a.out)
==101904==    by 0x10918A: main (in /home/fedor/CODE/C/KP_8/a.out)
==101904==  Address 0x4a62058 is 16 bytes after a block of size 8 alloc'd
==101904==    at 0x4842788: malloc (vg_replace_malloc.c:446)
==101904==    by 0x1092DB: list_init (in /home/fedor/CODE/C/KP_8/a.out)
==101904==    by 0x10918A: main (in /home/fedor/CODE/C/KP_8/a.out)
==101904== 
==101904== 
==101904== 1 errors in context 38 of 39:
==101904== Invalid write of size 8
==101904==    at 0x1092F9: list_init (in /home/fedor/CODE/C/KP_8/a.out)
==101904==    by 0x10918A: main (in /home/fedor/CODE/C/KP_8/a.out)
==101904==  Address 0x4a62058 is 16 bytes after a block of size 8 alloc'd
==101904==    at 0x4842788: malloc (vg_replace_malloc.c:446)
==101904==    by 0x1092DB: list_init (in /home/fedor/CODE/C/KP_8/a.out)
==101904==    by 0x10918A: main (in /home/fedor/CODE/C/KP_8/a.out)
==101904== 
==101904== 
==101904== 2 errors in context 39 of 39:
==101904== Invalid read of size 4
==101904==    at 0x1094DC: iter_end (in /home/fedor/CODE/C/KP_8/a.out)
==101904==    by 0x1099E4: print_list (in /home/fedor/CODE/C/KP_8/a.out)
==101904==    by 0x1091CF: main (in /home/fedor/CODE/C/KP_8/a.out)
==101904==  Address 0x4a6204c is 4 bytes after a block of size 8 free'd
==101904==    at 0x48458CF: free (vg_replace_malloc.c:989)
==101904==    by 0x109A34: list_destroy (in /home/fedor/CODE/C/KP_8/a.out)
==101904==    by 0x10919A: main (in /home/fedor/CODE/C/KP_8/a.out)
==101904==  Block was alloc'd at
==101904==    at 0x4842788: malloc (vg_replace_malloc.c:446)
==101904==    by 0x1092DB: list_init (in /home/fedor/CODE/C/KP_8/a.out)
==101904==    by 0x10918A: main (in /home/fedor/CODE/C/KP_8/a.out)
==101904== 
==101904== ERROR SUMMARY: 40 errors from 39 contexts (suppressed: 0 from 0)
